27/08/2021, 20:22:52 [31merror[39m: [31muncaughtException: FATAL ERROR: jwtPrivateKey is not defiend.[39m
[31mError: FATAL ERROR: jwtPrivateKey is not defiend.[39m
[31m    at module.exports (C:\Users\Kaveen Thivanka\Desktop\NodeJs\11-unit-testing-02\startup\config.js:7:11)[39m
[31m    at Object.<anonymous> (C:\Users\Kaveen Thivanka\Desktop\NodeJs\11-unit-testing-02\index.js:7:28)[39m
[31m    at Module._compile (internal/modules/cjs/loader.js:1072:14)[39m
[31m    at Object.Module._extensions..js (internal/modules/cjs/loader.js:1101:10)[39m
[31m    at Module.load (internal/modules/cjs/loader.js:937:32)[39m
[31m    at Function.Module._load (internal/modules/cjs/loader.js:778:12)[39m
[31m    at Function.executeUserEntryPoint [as runMain] (internal/modules/run_main.js:76:12)[39m
[31m    at internal/main/run_main_module.js:17:47[39m
27/08/2021, 22:55:41 [31merror[39m: [31muncaughtException: FATAL ERROR: jwtPrivateKey is not defiend.[39m
[31mError: FATAL ERROR: jwtPrivateKey is not defiend.[39m
[31m    at module.exports (C:\Users\Kaveen Thivanka\Desktop\NodeJs\11-unit-testing-02\startup\config.js:7:11)[39m
[31m    at Object.<anonymous> (C:\Users\Kaveen Thivanka\Desktop\NodeJs\11-unit-testing-02\index.js:7:28)[39m
[31m    at Module._compile (internal/modules/cjs/loader.js:1072:14)[39m
[31m    at Object.Module._extensions..js (internal/modules/cjs/loader.js:1101:10)[39m
[31m    at Module.load (internal/modules/cjs/loader.js:937:32)[39m
[31m    at Function.Module._load (internal/modules/cjs/loader.js:778:12)[39m
[31m    at Function.executeUserEntryPoint [as runMain] (internal/modules/run_main.js:76:12)[39m
[31m    at internal/main/run_main_module.js:17:47[39m
27/08/2021, 23:24:16 [31merror[39m: [31muncaughtException: FATAL ERROR: jwtPrivateKey is not defiend.[39m
[31mError: FATAL ERROR: jwtPrivateKey is not defiend.[39m
[31m    at module.exports (C:\Users\Kaveen Thivanka\Desktop\NodeJs\11-unit-testing-02\startup\config.js:7:11)[39m
[31m    at Object.<anonymous> (C:\Users\Kaveen Thivanka\Desktop\NodeJs\11-unit-testing-02\index.js:7:28)[39m
[31m    at Module._compile (internal/modules/cjs/loader.js:1072:14)[39m
[31m    at Object.Module._extensions..js (internal/modules/cjs/loader.js:1101:10)[39m
[31m    at Module.load (internal/modules/cjs/loader.js:937:32)[39m
[31m    at Function.Module._load (internal/modules/cjs/loader.js:778:12)[39m
[31m    at Function.executeUserEntryPoint [as runMain] (internal/modules/run_main.js:76:12)[39m
[31m    at internal/main/run_main_module.js:17:47[39m
28/08/2021, 15:55:26 [31merror[39m: [31muncaughtException: FATAL ERROR: jwtPrivateKey is not defiend.[39m
[31mError: FATAL ERROR: jwtPrivateKey is not defiend.[39m
[31m    at module.exports (C:\Users\Kaveen Thivanka\Desktop\NodeJs\11-unit-testing-02\startup\config.js:7:11)[39m
[31m    at Object.<anonymous> (C:\Users\Kaveen Thivanka\Desktop\NodeJs\11-unit-testing-02\index.js:7:28)[39m
[31m    at Module._compile (internal/modules/cjs/loader.js:1072:14)[39m
[31m    at Object.Module._extensions..js (internal/modules/cjs/loader.js:1101:10)[39m
[31m    at Module.load (internal/modules/cjs/loader.js:937:32)[39m
[31m    at Function.Module._load (internal/modules/cjs/loader.js:778:12)[39m
[31m    at Function.executeUserEntryPoint [as runMain] (internal/modules/run_main.js:76:12)[39m
[31m    at internal/main/run_main_module.js:17:47[39m
28/08/2021, 22:09:24 [31merror[39m: [31muncaughtException: FATAL ERROR: jwtPrivateKey is not defiend.[39m
[31mError: FATAL ERROR: jwtPrivateKey is not defiend.[39m
[31m    at module.exports (C:\Users\Kaveen Thivanka\Desktop\NodeJs\12-test-driven-development\startup\config.js:7:11)[39m
[31m    at Object.<anonymous> (C:\Users\Kaveen Thivanka\Desktop\NodeJs\12-test-driven-development\index.js:7:28)[39m
[31m    at Module._compile (internal/modules/cjs/loader.js:1072:14)[39m
[31m    at Object.Module._extensions..js (internal/modules/cjs/loader.js:1101:10)[39m
[31m    at Module.load (internal/modules/cjs/loader.js:937:32)[39m
[31m    at Function.Module._load (internal/modules/cjs/loader.js:778:12)[39m
[31m    at Function.executeUserEntryPoint [as runMain] (internal/modules/run_main.js:76:12)[39m
[31m    at internal/main/run_main_module.js:17:47[39m
29/10/2021, 22:45:25 [31merror[39m: [31muncaughtException: FATAL ERROR: jwtPrivateKey is not defiend.[39m
[31mError: FATAL ERROR: jwtPrivateKey is not defiend.[39m
[31m    at module.exports (C:\Users\kaveenThivanka\Documents\Studies\Frameworks\NodeJs\12-test-driven-development\startup\config.js:7:11)[39m
[31m    at Object.<anonymous> (C:\Users\kaveenThivanka\Documents\Studies\Frameworks\NodeJs\12-test-driven-development\index.js:7:28)[39m
[31m    at Module._compile (internal/modules/cjs/loader.js:1085:14)[39m
[31m    at Object.Module._extensions..js (internal/modules/cjs/loader.js:1114:10)[39m
[31m    at Module.load (internal/modules/cjs/loader.js:950:32)[39m
[31m    at Function.Module._load (internal/modules/cjs/loader.js:790:12)[39m
[31m    at Function.executeUserEntryPoint [as runMain] (internal/modules/run_main.js:76:12)[39m
[31m    at internal/main/run_main_module.js:17:47[39m
